{"/Users/macbookpro/work/lendsqrr/src/components/Button.tsx": {"path":"/Users/macbookpro/work/lendsqrr/src/components/Button.tsx","statementMap":{"0":{"start":{"line":8,"column":13},"end":{"line":15,"column":null}},"1":{"start":{"line":9,"column":6},"end":{"line":9,"column":null}},"2":{"start":{"line":10,"column":2},"end":{"line":13,"column":null}},"3":{"start":{"line":11,"column":47},"end":{"line":11,"column":null}},"4":{"start":{"line":22,"column":13},"end":{"line":25,"column":null}},"5":{"start":{"line":23,"column":2},"end":{"line":25,"column":null}}},"fnMap":{"0":{"name":"(anonymous_0)","decl":{"start":{"line":8,"column":13},"end":{"line":8,"column":55}},"loc":{"start":{"line":8,"column":72},"end":{"line":15,"column":null}},"line":8},"1":{"name":"(anonymous_1)","decl":{"start":{"line":11,"column":32},"end":{"line":11,"column":47}},"loc":{"start":{"line":11,"column":47},"end":{"line":11,"column":null}},"line":11},"2":{"name":"(anonymous_2)","decl":{"start":{"line":22,"column":13},"end":{"line":22,"column":59}},"loc":{"start":{"line":23,"column":2},"end":{"line":25,"column":null}},"line":23}},"branchMap":{},"s":{"0":1,"1":1,"2":1,"3":0,"4":1,"5":2},"f":{"0":1,"1":0,"2":2},"b":{},"meta":{"lastBranch":0,"lastFunction":3,"lastStatement":6,"seen":{"s:8:13:15:Infinity":0,"f:8:13:8:55":0,"s:9:6:9:Infinity":1,"s:10:2:13:Infinity":2,"f:11:32:11:47":1,"s:11:47:11:Infinity":3,"s:22:13:25:Infinity":4,"f:22:13:22:59":2,"s:23:2:25:Infinity":5}}}
,"/Users/macbookpro/work/lendsqrr/src/components/Card.tsx": {"path":"/Users/macbookpro/work/lendsqrr/src/components/Card.tsx","statementMap":{"0":{"start":{"line":9,"column":13},"end":{"line":43,"column":null}},"1":{"start":{"line":10,"column":2},"end":{"line":43,"column":null}}},"fnMap":{"0":{"name":"(anonymous_0)","decl":{"start":{"line":9,"column":13},"end":{"line":9,"column":56}},"loc":{"start":{"line":10,"column":2},"end":{"line":43,"column":null}},"line":10}},"branchMap":{},"s":{"0":1,"1":1},"f":{"0":1},"b":{},"meta":{"lastBranch":0,"lastFunction":1,"lastStatement":2,"seen":{"s:9:13:43:Infinity":0,"f:9:13:9:56":0,"s:10:2:43:Infinity":1}}}
,"/Users/macbookpro/work/lendsqrr/src/components/CardSection.tsx": {"path":"/Users/macbookpro/work/lendsqrr/src/components/CardSection.tsx","statementMap":{"0":{"start":{"line":7,"column":13},"end":{"line":18,"column":null}},"1":{"start":{"line":8,"column":2},"end":{"line":18,"column":null}},"2":{"start":{"line":12,"column":8},"end":{"line":15,"column":null}}},"fnMap":{"0":{"name":"(anonymous_0)","decl":{"start":{"line":7,"column":13},"end":{"line":7,"column":70}},"loc":{"start":{"line":8,"column":2},"end":{"line":18,"column":null}},"line":8},"1":{"name":"(anonymous_1)","decl":{"start":{"line":11,"column":16},"end":{"line":11,"column":20}},"loc":{"start":{"line":12,"column":8},"end":{"line":15,"column":null}},"line":12}},"branchMap":{"0":{"loc":{"start":{"line":7,"column":71},"end":{"line":7,"column":85}},"type":"default-arg","locations":[{"start":{"line":7,"column":78},"end":{"line":7,"column":85}}],"line":7},"1":{"loc":{"start":{"line":10,"column":20},"end":{"line":10,"column":null}},"type":"cond-expr","locations":[{"start":{"line":10,"column":27},"end":{"line":10,"column":36}},{"start":{"line":10,"column":36},"end":{"line":10,"column":null}}],"line":10}},"s":{"0":1,"1":4,"2":22},"f":{"0":4,"1":22},"b":{"0":[4],"1":[2,2]},"meta":{"lastBranch":2,"lastFunction":2,"lastStatement":3,"seen":{"s:7:13:18:Infinity":0,"f:7:13:7:70":0,"s:8:2:18:Infinity":1,"b:7:78:7:85":0,"b:10:27:10:36:10:36:10:Infinity":1,"f:11:16:11:20":1,"s:12:8:15:Infinity":2}}}
,"/Users/macbookpro/work/lendsqrr/src/components/Pagination.tsx": {"path":"/Users/macbookpro/work/lendsqrr/src/components/Pagination.tsx","statementMap":{"0":{"start":{"line":12,"column":6},"end":{"line":53,"column":null}},"1":{"start":{"line":14,"column":2},"end":{"line":51,"column":null}},"2":{"start":{"line":22,"column":53},"end":{"line":22,"column":77}},"3":{"start":{"line":25,"column":12},"end":{"line":32,"column":null}},"4":{"start":{"line":29,"column":29},"end":{"line":29,"column":null}},"5":{"start":{"line":40,"column":49},"end":{"line":40,"column":79}},"6":{"start":{"line":45,"column":47},"end":{"line":45,"column":73}},"7":{"start":{"line":49,"column":61},"end":{"line":49,"column":85}}},"fnMap":{"0":{"name":"(anonymous_0)","decl":{"start":{"line":12,"column":6},"end":{"line":12,"column":47}},"loc":{"start":{"line":12,"column":112},"end":{"line":53,"column":null}},"line":12},"1":{"name":"(anonymous_1)","decl":{"start":{"line":22,"column":38},"end":{"line":22,"column":53}},"loc":{"start":{"line":22,"column":53},"end":{"line":22,"column":77}},"line":22},"2":{"name":"(anonymous_2)","decl":{"start":{"line":24,"column":22},"end":{"line":24,"column":26}},"loc":{"start":{"line":25,"column":12},"end":{"line":32,"column":null}},"line":25},"3":{"name":"(anonymous_3)","decl":{"start":{"line":29,"column":14},"end":{"line":29,"column":29}},"loc":{"start":{"line":29,"column":29},"end":{"line":29,"column":null}},"line":29},"4":{"name":"(anonymous_4)","decl":{"start":{"line":40,"column":34},"end":{"line":40,"column":49}},"loc":{"start":{"line":40,"column":49},"end":{"line":40,"column":79}},"line":40},"5":{"name":"(anonymous_5)","decl":{"start":{"line":45,"column":32},"end":{"line":45,"column":47}},"loc":{"start":{"line":45,"column":47},"end":{"line":45,"column":73}},"line":45},"6":{"name":"(anonymous_6)","decl":{"start":{"line":49,"column":46},"end":{"line":49,"column":61}},"loc":{"start":{"line":49,"column":61},"end":{"line":49,"column":85}},"line":49}},"branchMap":{"0":{"loc":{"start":{"line":27,"column":25},"end":{"line":27,"column":null}},"type":"cond-expr","locations":[{"start":{"line":27,"column":44},"end":{"line":27,"column":55}},{"start":{"line":27,"column":55},"end":{"line":27,"column":null}}],"line":27},"1":{"loc":{"start":{"line":36,"column":11},"end":{"line":36,"column":null}},"type":"binary-expr","locations":[{"start":{"line":36,"column":11},"end":{"line":36,"column":27}},{"start":{"line":36,"column":27},"end":{"line":36,"column":null}}],"line":36},"2":{"loc":{"start":{"line":39,"column":13},"end":{"line":40,"column":null}},"type":"binary-expr","locations":[{"start":{"line":39,"column":13},"end":{"line":39,"column":null}},{"start":{"line":40,"column":14},"end":{"line":40,"column":null}}],"line":39},"3":{"loc":{"start":{"line":40,"column":90},"end":{"line":40,"column":132}},"type":"cond-expr","locations":[{"start":{"line":40,"column":116},"end":{"line":40,"column":127}},{"start":{"line":40,"column":127},"end":{"line":40,"column":132}}],"line":40},"4":{"loc":{"start":{"line":44,"column":11},"end":{"line":45,"column":null}},"type":"binary-expr","locations":[{"start":{"line":44,"column":11},"end":{"line":44,"column":null}},{"start":{"line":45,"column":12},"end":{"line":45,"column":null}}],"line":44},"5":{"loc":{"start":{"line":45,"column":84},"end":{"line":45,"column":122}},"type":"cond-expr","locations":[{"start":{"line":45,"column":106},"end":{"line":45,"column":117}},{"start":{"line":45,"column":117},"end":{"line":45,"column":122}}],"line":45}},"s":{"0":2,"1":12,"2":0,"3":25,"4":2,"5":0,"6":1,"7":1},"f":{"0":12,"1":0,"2":25,"3":2,"4":0,"5":1,"6":1},"b":{"0":[10,15],"1":[12,4],"2":[12,4],"3":[0,4],"4":[12,4],"5":[0,4]},"meta":{"lastBranch":6,"lastFunction":7,"lastStatement":8,"seen":{"s:12:6:53:Infinity":0,"f:12:6:12:47":0,"s:14:2:51:Infinity":1,"f:22:38:22:53":1,"s:22:53:22:77":2,"f:24:22:24:26":2,"s:25:12:32:Infinity":3,"b:27:44:27:55:27:55:27:Infinity":0,"f:29:14:29:29":3,"s:29:29:29:Infinity":4,"b:36:11:36:27:36:27:36:Infinity":1,"b:39:13:39:Infinity:40:14:40:Infinity":2,"f:40:34:40:49":4,"s:40:49:40:79":5,"b:40:116:40:127:40:127:40:132":3,"b:44:11:44:Infinity:45:12:45:Infinity":4,"f:45:32:45:47":5,"s:45:47:45:73":6,"b:45:106:45:117:45:117:45:122":5,"f:49:46:49:61":6,"s:49:61:49:85":7}}}
,"/Users/macbookpro/work/lendsqrr/src/components/Stats.tsx": {"path":"/Users/macbookpro/work/lendsqrr/src/components/Stats.tsx","statementMap":{"0":{"start":{"line":7,"column":6},"end":{"line":47,"column":null}},"1":{"start":{"line":8,"column":20},"end":{"line":33,"column":null}},"2":{"start":{"line":34,"column":2},"end":{"line":45,"column":null}},"3":{"start":{"line":38,"column":10},"end":{"line":42,"column":null}}},"fnMap":{"0":{"name":"(anonymous_0)","decl":{"start":{"line":7,"column":6},"end":{"line":7,"column":38}},"loc":{"start":{"line":7,"column":55},"end":{"line":47,"column":null}},"line":7},"1":{"name":"(anonymous_1)","decl":{"start":{"line":37,"column":18},"end":{"line":37,"column":22}},"loc":{"start":{"line":38,"column":10},"end":{"line":42,"column":null}},"line":38}},"branchMap":{},"s":{"0":2,"1":8,"2":8,"3":32},"f":{"0":8,"1":32},"b":{},"meta":{"lastBranch":0,"lastFunction":2,"lastStatement":4,"seen":{"s:7:6:47:Infinity":0,"f:7:6:7:38":0,"s:8:20:33:Infinity":1,"s:34:2:45:Infinity":2,"f:37:18:37:22":1,"s:38:10:42:Infinity":3}}}
,"/Users/macbookpro/work/lendsqrr/src/components/Table.tsx": {"path":"/Users/macbookpro/work/lendsqrr/src/components/Table.tsx","statementMap":{"0":{"start":{"line":15,"column":6},"end":{"line":81,"column":null}},"1":{"start":{"line":16,"column":22},"end":{"line":16,"column":null}},"2":{"start":{"line":17,"column":21},"end":{"line":17,"column":null}},"3":{"start":{"line":18,"column":21},"end":{"line":18,"column":null}},"4":{"start":{"line":20,"column":2},"end":{"line":27,"column":null}},"5":{"start":{"line":21,"column":10},"end":{"line":24,"column":null}},"6":{"start":{"line":22,"column":6},"end":{"line":22,"column":null}},"7":{"start":{"line":23,"column":6},"end":{"line":23,"column":null}},"8":{"start":{"line":25,"column":4},"end":{"line":25,"column":null}},"9":{"start":{"line":26,"column":4},"end":{"line":26,"column":null}},"10":{"start":{"line":26,"column":17},"end":{"line":26,"column":null}},"11":{"start":{"line":29,"column":8},"end":{"line":33,"column":null}},"12":{"start":{"line":30,"column":4},"end":{"line":30,"column":null}},"13":{"start":{"line":31,"column":4},"end":{"line":31,"column":null}},"14":{"start":{"line":32,"column":4},"end":{"line":32,"column":null}},"15":{"start":{"line":35,"column":8},"end":{"line":39,"column":null}},"16":{"start":{"line":36,"column":4},"end":{"line":36,"column":null}},"17":{"start":{"line":37,"column":4},"end":{"line":37,"column":null}},"18":{"start":{"line":38,"column":4},"end":{"line":38,"column":null}},"19":{"start":{"line":41,"column":2},"end":{"line":79,"column":null}},"20":{"start":{"line":47,"column":14},"end":{"line":52,"column":null}},"21":{"start":{"line":48,"column":60},"end":{"line":48,"column":null}},"22":{"start":{"line":51,"column":68},"end":{"line":51,"column":90}},"23":{"start":{"line":58,"column":12},"end":{"line":75,"column":null}},"24":{"start":{"line":68,"column":63},"end":{"line":68,"column":null}},"25":{"start":{"line":72,"column":67},"end":{"line":72,"column":89}}},"fnMap":{"0":{"name":"(anonymous_0)","decl":{"start":{"line":15,"column":6},"end":{"line":15,"column":38}},"loc":{"start":{"line":15,"column":59},"end":{"line":81,"column":null}},"line":15},"1":{"name":"(anonymous_1)","decl":{"start":{"line":20,"column":2},"end":{"line":20,"column":18}},"loc":{"start":{"line":20,"column":18},"end":{"line":27,"column":5}},"line":20},"2":{"name":"(anonymous_2)","decl":{"start":{"line":21,"column":10},"end":{"line":21,"column":37}},"loc":{"start":{"line":21,"column":37},"end":{"line":24,"column":null}},"line":21},"3":{"name":"(anonymous_3)","decl":{"start":{"line":26,"column":4},"end":{"line":26,"column":17}},"loc":{"start":{"line":26,"column":17},"end":{"line":26,"column":null}},"line":26},"4":{"name":"(anonymous_4)","decl":{"start":{"line":29,"column":8},"end":{"line":29,"column":24}},"loc":{"start":{"line":29,"column":64},"end":{"line":33,"column":null}},"line":29},"5":{"name":"(anonymous_5)","decl":{"start":{"line":35,"column":8},"end":{"line":35,"column":22}},"loc":{"start":{"line":35,"column":58},"end":{"line":39,"column":null}},"line":35},"6":{"name":"(anonymous_6)","decl":{"start":{"line":46,"column":25},"end":{"line":46,"column":29}},"loc":{"start":{"line":47,"column":14},"end":{"line":52,"column":null}},"line":47},"7":{"name":"(anonymous_7)","decl":{"start":{"line":48,"column":44},"end":{"line":48,"column":54}},"loc":{"start":{"line":48,"column":60},"end":{"line":48,"column":null}},"line":48},"8":{"name":"(anonymous_8)","decl":{"start":{"line":51,"column":53},"end":{"line":51,"column":68}},"loc":{"start":{"line":51,"column":68},"end":{"line":51,"column":90}},"line":51},"9":{"name":"(anonymous_9)","decl":{"start":{"line":57,"column":90},"end":{"line":57,"column":94}},"loc":{"start":{"line":58,"column":12},"end":{"line":75,"column":null}},"line":58},"10":{"name":"(anonymous_10)","decl":{"start":{"line":68,"column":47},"end":{"line":68,"column":57}},"loc":{"start":{"line":68,"column":63},"end":{"line":68,"column":null}},"line":68},"11":{"name":"(anonymous_11)","decl":{"start":{"line":72,"column":52},"end":{"line":72,"column":67}},"loc":{"start":{"line":72,"column":67},"end":{"line":72,"column":89}},"line":72}},"branchMap":{"0":{"loc":{"start":{"line":31,"column":18},"end":{"line":31,"column":55}},"type":"cond-expr","locations":[{"start":{"line":31,"column":42},"end":{"line":31,"column":49}},{"start":{"line":31,"column":49},"end":{"line":31,"column":55}}],"line":31},"1":{"loc":{"start":{"line":37,"column":18},"end":{"line":37,"column":47}},"type":"cond-expr","locations":[{"start":{"line":37,"column":38},"end":{"line":37,"column":45}},{"start":{"line":37,"column":45},"end":{"line":37,"column":47}}],"line":37},"2":{"loc":{"start":{"line":51,"column":17},"end":{"line":52,"column":null}},"type":"binary-expr","locations":[{"start":{"line":51,"column":17},"end":{"line":51,"column":40}},{"start":{"line":51,"column":40},"end":{"line":52,"column":null}}],"line":51},"3":{"loc":{"start":{"line":57,"column":11},"end":{"line":76,"column":null}},"type":"cond-expr","locations":[{"start":{"line":57,"column":21},"end":{"line":57,"column":90}},{"start":{"line":57,"column":83},"end":{"line":76,"column":null}}],"line":57},"4":{"loc":{"start":{"line":71,"column":17},"end":{"line":72,"column":null}},"type":"binary-expr","locations":[{"start":{"line":71,"column":17},"end":{"line":71,"column":null}},{"start":{"line":72,"column":18},"end":{"line":72,"column":null}}],"line":71}},"s":{"0":2,"1":15,"2":15,"3":15,"4":15,"5":6,"6":1,"7":1,"8":6,"9":6,"10":6,"11":15,"12":2,"13":2,"14":2,"15":15,"16":2,"17":2,"18":2,"19":15,"20":90,"21":2,"22":0,"23":11,"24":2,"25":0},"f":{"0":15,"1":6,"2":1,"3":6,"4":2,"5":2,"6":90,"7":2,"8":0,"9":11,"10":2,"11":0},"b":{"0":[1,1],"1":[1,1],"2":[90,1],"3":[4,11],"4":[11,1]},"meta":{"lastBranch":5,"lastFunction":12,"lastStatement":26,"seen":{"s:15:6:81:Infinity":0,"f:15:6:15:38":0,"s:16:22:16:Infinity":1,"s:17:21:17:Infinity":2,"s:18:21:18:Infinity":3,"s:20:2:27:Infinity":4,"f:20:2:20:18":1,"s:21:10:24:Infinity":5,"f:21:10:21:37":2,"s:22:6:22:Infinity":6,"s:23:6:23:Infinity":7,"s:25:4:25:Infinity":8,"s:26:4:26:Infinity":9,"f:26:4:26:17":3,"s:26:17:26:Infinity":10,"s:29:8:33:Infinity":11,"f:29:8:29:24":4,"s:30:4:30:Infinity":12,"s:31:4:31:Infinity":13,"b:31:42:31:49:31:49:31:55":0,"s:32:4:32:Infinity":14,"s:35:8:39:Infinity":15,"f:35:8:35:22":5,"s:36:4:36:Infinity":16,"s:37:4:37:Infinity":17,"b:37:38:37:45:37:45:37:47":1,"s:38:4:38:Infinity":18,"s:41:2:79:Infinity":19,"f:46:25:46:29":6,"s:47:14:52:Infinity":20,"f:48:44:48:54":7,"s:48:60:48:Infinity":21,"b:51:17:51:40:51:40:52:Infinity":2,"f:51:53:51:68":8,"s:51:68:51:90":22,"b:57:21:57:90:57:83:76:Infinity":3,"f:57:90:57:94":9,"s:58:12:75:Infinity":23,"f:68:47:68:57":10,"s:68:63:68:Infinity":24,"b:71:17:71:Infinity:72:18:72:Infinity":4,"f:72:52:72:67":11,"s:72:67:72:89":25}}}
,"/Users/macbookpro/work/lendsqrr/src/components/TableActionMenu.tsx": {"path":"/Users/macbookpro/work/lendsqrr/src/components/TableActionMenu.tsx","statementMap":{"0":{"start":{"line":10,"column":6},"end":{"line":29,"column":null}},"1":{"start":{"line":11,"column":8},"end":{"line":11,"column":null}},"2":{"start":{"line":13,"column":2},"end":{"line":27,"column":null}},"3":{"start":{"line":14,"column":50},"end":{"line":14,"column":null}},"4":{"start":{"line":15,"column":61},"end":{"line":15,"column":91}},"5":{"start":{"line":15,"column":91},"end":{"line":15,"column":102}}},"fnMap":{"0":{"name":"(anonymous_0)","decl":{"start":{"line":10,"column":6},"end":{"line":10,"column":57}},"loc":{"start":{"line":10,"column":81},"end":{"line":29,"column":null}},"line":10},"1":{"name":"(anonymous_1)","decl":{"start":{"line":14,"column":34},"end":{"line":14,"column":44}},"loc":{"start":{"line":14,"column":50},"end":{"line":14,"column":null}},"line":14},"2":{"name":"(anonymous_2)","decl":{"start":{"line":15,"column":44},"end":{"line":15,"column":59}},"loc":{"start":{"line":15,"column":59},"end":{"line":15,"column":null}},"line":15}},"branchMap":{},"s":{"0":3,"1":4,"2":4,"3":3,"4":1,"5":1},"f":{"0":4,"1":3,"2":1},"b":{},"meta":{"lastBranch":0,"lastFunction":3,"lastStatement":6,"seen":{"s:10:6:29:Infinity":0,"f:10:6:10:57":0,"s:11:8:11:Infinity":1,"s:13:2:27:Infinity":2,"f:14:34:14:44":1,"s:14:50:14:Infinity":3,"f:15:44:15:59":2,"s:15:61:15:91":4,"s:15:91:15:102":5}}}
,"/Users/macbookpro/work/lendsqrr/src/components/TableFilter.tsx": {"path":"/Users/macbookpro/work/lendsqrr/src/components/TableFilter.tsx","statementMap":{"0":{"start":{"line":8,"column":6},"end":{"line":60,"column":null}},"1":{"start":{"line":9,"column":2},"end":{"line":58,"column":null}},"2":{"start":{"line":10,"column":50},"end":{"line":10,"column":null}},"3":{"start":{"line":11,"column":31},"end":{"line":11,"column":51}},"4":{"start":{"line":11,"column":51},"end":{"line":11,"column":62}}},"fnMap":{"0":{"name":"(anonymous_0)","decl":{"start":{"line":8,"column":6},"end":{"line":8,"column":49}},"loc":{"start":{"line":8,"column":65},"end":{"line":60,"column":null}},"line":8},"1":{"name":"(anonymous_1)","decl":{"start":{"line":10,"column":34},"end":{"line":10,"column":44}},"loc":{"start":{"line":10,"column":50},"end":{"line":10,"column":null}},"line":10},"2":{"name":"(anonymous_2)","decl":{"start":{"line":11,"column":12},"end":{"line":11,"column":23}},"loc":{"start":{"line":11,"column":29},"end":{"line":11,"column":null}},"line":11}},"branchMap":{},"s":{"0":3,"1":4,"2":2,"3":1,"4":1},"f":{"0":4,"1":2,"2":1},"b":{},"meta":{"lastBranch":0,"lastFunction":3,"lastStatement":5,"seen":{"s:8:6:60:Infinity":0,"f:8:6:8:49":0,"s:9:2:58:Infinity":1,"f:10:34:10:44":1,"s:10:50:10:Infinity":2,"f:11:12:11:23":2,"s:11:31:11:51":3,"s:11:51:11:62":4}}}
,"/Users/macbookpro/work/lendsqrr/src/pages/Login.tsx": {"path":"/Users/macbookpro/work/lendsqrr/src/pages/Login.tsx","statementMap":{"0":{"start":{"line":6,"column":6},"end":{"line":74,"column":null}},"1":{"start":{"line":7,"column":23},"end":{"line":7,"column":null}},"2":{"start":{"line":8,"column":16},"end":{"line":8,"column":null}},"3":{"start":{"line":9,"column":19},"end":{"line":9,"column":null}},"4":{"start":{"line":10,"column":8},"end":{"line":10,"column":null}},"5":{"start":{"line":12,"column":8},"end":{"line":19,"column":null}},"6":{"start":{"line":13,"column":4},"end":{"line":13,"column":null}},"7":{"start":{"line":16,"column":4},"end":{"line":18,"column":null}},"8":{"start":{"line":17,"column":6},"end":{"line":17,"column":null}},"9":{"start":{"line":21,"column":2},"end":{"line":72,"column":null}},"10":{"start":{"line":47,"column":31},"end":{"line":47,"column":null}},"11":{"start":{"line":56,"column":31},"end":{"line":56,"column":null}},"12":{"start":{"line":60,"column":29},"end":{"line":60,"column":null}}},"fnMap":{"0":{"name":"(anonymous_0)","decl":{"start":{"line":6,"column":6},"end":{"line":6,"column":20}},"loc":{"start":{"line":6,"column":20},"end":{"line":74,"column":null}},"line":6},"1":{"name":"(anonymous_1)","decl":{"start":{"line":12,"column":8},"end":{"line":12,"column":23}},"loc":{"start":{"line":12,"column":46},"end":{"line":19,"column":null}},"line":12},"2":{"name":"(anonymous_2)","decl":{"start":{"line":47,"column":14},"end":{"line":47,"column":25}},"loc":{"start":{"line":47,"column":31},"end":{"line":47,"column":null}},"line":47},"3":{"name":"(anonymous_3)","decl":{"start":{"line":56,"column":14},"end":{"line":56,"column":25}},"loc":{"start":{"line":56,"column":31},"end":{"line":56,"column":null}},"line":56},"4":{"name":"(anonymous_4)","decl":{"start":{"line":60,"column":14},"end":{"line":60,"column":29}},"loc":{"start":{"line":60,"column":29},"end":{"line":60,"column":null}},"line":60}},"branchMap":{"0":{"loc":{"start":{"line":16,"column":4},"end":{"line":18,"column":null}},"type":"if","locations":[{"start":{"line":16,"column":4},"end":{"line":18,"column":null}},{"start":{},"end":{}}],"line":16},"1":{"loc":{"start":{"line":16,"column":8},"end":{"line":16,"column":27}},"type":"binary-expr","locations":[{"start":{"line":16,"column":8},"end":{"line":16,"column":17}},{"start":{"line":16,"column":17},"end":{"line":16,"column":27}}],"line":16},"2":{"loc":{"start":{"line":52,"column":20},"end":{"line":52,"column":null}},"type":"cond-expr","locations":[{"start":{"line":52,"column":35},"end":{"line":52,"column":44}},{"start":{"line":52,"column":44},"end":{"line":52,"column":null}}],"line":52},"3":{"loc":{"start":{"line":63,"column":15},"end":{"line":63,"column":null}},"type":"cond-expr","locations":[{"start":{"line":63,"column":30},"end":{"line":63,"column":39}},{"start":{"line":63,"column":39},"end":{"line":63,"column":null}}],"line":63}},"s":{"0":1,"1":7,"2":7,"3":7,"4":7,"5":7,"6":1,"7":1,"8":1,"9":7,"10":1,"11":1,"12":1},"f":{"0":7,"1":1,"2":1,"3":1,"4":1},"b":{"0":[1,0],"1":[1,1],"2":[1,6],"3":[1,6]},"meta":{"lastBranch":4,"lastFunction":5,"lastStatement":13,"seen":{"s:6:6:74:Infinity":0,"f:6:6:6:20":0,"s:7:23:7:Infinity":1,"s:8:16:8:Infinity":2,"s:9:19:9:Infinity":3,"s:10:8:10:Infinity":4,"s:12:8:19:Infinity":5,"f:12:8:12:23":1,"s:13:4:13:Infinity":6,"b:16:4:18:Infinity:undefined:undefined:undefined:undefined":0,"s:16:4:18:Infinity":7,"b:16:8:16:17:16:17:16:27":1,"s:17:6:17:Infinity":8,"s:21:2:72:Infinity":9,"f:47:14:47:25":2,"s:47:31:47:Infinity":10,"b:52:35:52:44:52:44:52:Infinity":2,"f:56:14:56:25":3,"s:56:31:56:Infinity":11,"f:60:14:60:29":4,"s:60:29:60:Infinity":12,"b:63:30:63:39:63:39:63:Infinity":3}}}
,"/Users/macbookpro/work/lendsqrr/src/pages/UserDetails.tsx": {"path":"/Users/macbookpro/work/lendsqrr/src/pages/UserDetails.tsx","statementMap":{"0":{"start":{"line":10,"column":6},"end":{"line":162,"column":null}},"1":{"start":{"line":11,"column":10},"end":{"line":11,"column":null}},"2":{"start":{"line":12,"column":15},"end":{"line":12,"column":null}},"3":{"start":{"line":13,"column":18},"end":{"line":13,"column":null}},"4":{"start":{"line":15,"column":27},"end":{"line":48,"column":null}},"5":{"start":{"line":50,"column":37},"end":{"line":79,"column":null}},"6":{"start":{"line":80,"column":22},"end":{"line":93,"column":null}},"7":{"start":{"line":94,"column":24},"end":{"line":111,"column":null}},"8":{"start":{"line":113,"column":2},"end":{"line":122,"column":null}},"9":{"start":{"line":114,"column":21},"end":{"line":120,"column":null}},"10":{"start":{"line":115,"column":6},"end":{"line":118,"column":null}},"11":{"start":{"line":116,"column":21},"end":{"line":116,"column":null}},"12":{"start":{"line":117,"column":8},"end":{"line":117,"column":null}},"13":{"start":{"line":119,"column":6},"end":{"line":119,"column":null}},"14":{"start":{"line":121,"column":4},"end":{"line":121,"column":null}},"15":{"start":{"line":124,"column":2},"end":{"line":124,"column":null}},"16":{"start":{"line":124,"column":15},"end":{"line":124,"column":null}},"17":{"start":{"line":125,"column":2},"end":{"line":125,"column":null}},"18":{"start":{"line":125,"column":13},"end":{"line":125,"column":null}},"19":{"start":{"line":127,"column":2},"end":{"line":160,"column":null}}},"fnMap":{"0":{"name":"(anonymous_0)","decl":{"start":{"line":10,"column":6},"end":{"line":10,"column":26}},"loc":{"start":{"line":10,"column":26},"end":{"line":162,"column":null}},"line":10},"1":{"name":"(anonymous_1)","decl":{"start":{"line":113,"column":2},"end":{"line":113,"column":18}},"loc":{"start":{"line":113,"column":18},"end":{"line":122,"column":5}},"line":113},"2":{"name":"(anonymous_2)","decl":{"start":{"line":114,"column":21},"end":{"line":114,"column":33}},"loc":{"start":{"line":114,"column":33},"end":{"line":120,"column":null}},"line":114}},"branchMap":{"0":{"loc":{"start":{"line":42,"column":13},"end":{"line":42,"column":null}},"type":"cond-expr","locations":[{"start":{"line":42,"column":53},"end":{"line":42,"column":62}},{"start":{"line":42,"column":62},"end":{"line":42,"column":null}}],"line":42},"1":{"loc":{"start":{"line":115,"column":6},"end":{"line":118,"column":null}},"type":"if","locations":[{"start":{"line":115,"column":6},"end":{"line":118,"column":null}},{"start":{},"end":{}}],"line":115},"2":{"loc":{"start":{"line":124,"column":2},"end":{"line":124,"column":null}},"type":"if","locations":[{"start":{"line":124,"column":2},"end":{"line":124,"column":null}},{"start":{},"end":{}}],"line":124},"3":{"loc":{"start":{"line":125,"column":2},"end":{"line":125,"column":null}},"type":"if","locations":[{"start":{"line":125,"column":2},"end":{"line":125,"column":null}},{"start":{},"end":{}}],"line":125}},"s":{"0":1,"1":5,"2":5,"3":5,"4":5,"5":5,"6":5,"7":5,"8":5,"9":3,"10":3,"11":3,"12":2,"13":2,"14":3,"15":5,"16":3,"17":2,"18":2,"19":1},"f":{"0":5,"1":3,"2":3},"b":{"0":[1,4],"1":[3,0],"2":[3,2],"3":[1,1]},"meta":{"lastBranch":4,"lastFunction":3,"lastStatement":20,"seen":{"s:10:6:162:Infinity":0,"f:10:6:10:26":0,"s:11:10:11:Infinity":1,"s:12:15:12:Infinity":2,"s:13:18:13:Infinity":3,"s:15:27:48:Infinity":4,"b:42:53:42:62:42:62:42:Infinity":0,"s:50:37:79:Infinity":5,"s:80:22:93:Infinity":6,"s:94:24:111:Infinity":7,"s:113:2:122:Infinity":8,"f:113:2:113:18":1,"s:114:21:120:Infinity":9,"f:114:21:114:33":2,"b:115:6:118:Infinity:undefined:undefined:undefined:undefined":1,"s:115:6:118:Infinity":10,"s:116:21:116:Infinity":11,"s:117:8:117:Infinity":12,"s:119:6:119:Infinity":13,"s:121:4:121:Infinity":14,"b:124:2:124:Infinity:undefined:undefined:undefined:undefined":2,"s:124:2:124:Infinity":15,"s:124:15:124:Infinity":16,"b:125:2:125:Infinity:undefined:undefined:undefined:undefined":3,"s:125:2:125:Infinity":17,"s:125:13:125:Infinity":18,"s:127:2:160:Infinity":19}}}
,"/Users/macbookpro/work/lendsqrr/src/pages/Users.tsx": {"path":"/Users/macbookpro/work/lendsqrr/src/pages/Users.tsx","statementMap":{"0":{"start":{"line":8,"column":6},"end":{"line":62,"column":null}},"1":{"start":{"line":9,"column":16},"end":{"line":9,"column":null}},"2":{"start":{"line":10,"column":18},"end":{"line":10,"column":null}},"3":{"start":{"line":11,"column":15},"end":{"line":11,"column":null}},"4":{"start":{"line":12,"column":21},"end":{"line":12,"column":null}},"5":{"start":{"line":13,"column":23},"end":{"line":13,"column":null}},"6":{"start":{"line":14,"column":18},"end":{"line":14,"column":null}},"7":{"start":{"line":16,"column":2},"end":{"line":18,"column":null}},"8":{"start":{"line":17,"column":4},"end":{"line":17,"column":null}},"9":{"start":{"line":21,"column":21},"end":{"line":24,"column":null}},"10":{"start":{"line":23,"column":14},"end":{"line":23,"column":null}},"11":{"start":{"line":25,"column":23},"end":{"line":25,"column":null}},"12":{"start":{"line":28,"column":4},"end":{"line":28,"column":null}},"13":{"start":{"line":28,"column":39},"end":{"line":28,"column":null}},"14":{"start":{"line":29,"column":4},"end":{"line":29,"column":null}},"15":{"start":{"line":32,"column":2},"end":{"line":43,"column":null}},"16":{"start":{"line":33,"column":4},"end":{"line":33,"column":null}},"17":{"start":{"line":34,"column":22},"end":{"line":38,"column":null}},"18":{"start":{"line":35,"column":19},"end":{"line":35,"column":null}},"19":{"start":{"line":36,"column":6},"end":{"line":36,"column":null}},"20":{"start":{"line":37,"column":6},"end":{"line":37,"column":null}},"21":{"start":{"line":40,"column":4},"end":{"line":42,"column":null}},"22":{"start":{"line":41,"column":6},"end":{"line":41,"column":null}},"23":{"start":{"line":47,"column":2},"end":{"line":60,"column":null}}},"fnMap":{"0":{"name":"(anonymous_0)","decl":{"start":{"line":8,"column":6},"end":{"line":8,"column":20}},"loc":{"start":{"line":8,"column":20},"end":{"line":62,"column":null}},"line":8},"1":{"name":"(anonymous_1)","decl":{"start":{"line":22,"column":49},"end":{"line":22,"column":null}},"loc":{"start":{"line":23,"column":14},"end":{"line":23,"column":null}},"line":23},"2":{"name":"handlePage","decl":{"start":{"line":27,"column":11},"end":{"line":27,"column":22}},"loc":{"start":{"line":27,"column":36},"end":{"line":30,"column":null}},"line":27},"3":{"name":"(anonymous_3)","decl":{"start":{"line":32,"column":2},"end":{"line":32,"column":18}},"loc":{"start":{"line":32,"column":18},"end":{"line":43,"column":5}},"line":32},"4":{"name":"(anonymous_4)","decl":{"start":{"line":34,"column":22},"end":{"line":34,"column":34}},"loc":{"start":{"line":34,"column":34},"end":{"line":38,"column":null}},"line":34},"5":{"name":"(anonymous_5)","decl":{"start":{"line":40,"column":4},"end":{"line":40,"column":21}},"loc":{"start":{"line":40,"column":21},"end":{"line":42,"column":7}},"line":40}},"branchMap":{"0":{"loc":{"start":{"line":16,"column":2},"end":{"line":18,"column":null}},"type":"if","locations":[{"start":{"line":16,"column":2},"end":{"line":18,"column":null}},{"start":{},"end":{}}],"line":16},"1":{"loc":{"start":{"line":28,"column":4},"end":{"line":28,"column":null}},"type":"if","locations":[{"start":{"line":28,"column":4},"end":{"line":28,"column":null}},{"start":{},"end":{}}],"line":28},"2":{"loc":{"start":{"line":28,"column":8},"end":{"line":28,"column":39}},"type":"binary-expr","locations":[{"start":{"line":28,"column":8},"end":{"line":28,"column":20}},{"start":{"line":28,"column":20},"end":{"line":28,"column":39}}],"line":28},"3":{"loc":{"start":{"line":51,"column":25},"end":{"line":51,"column":45}},"type":"binary-expr","locations":[{"start":{"line":51,"column":25},"end":{"line":51,"column":41}},{"start":{"line":51,"column":41},"end":{"line":51,"column":45}}],"line":51},"4":{"loc":{"start":{"line":52,"column":20},"end":{"line":52,"column":49}},"type":"binary-expr","locations":[{"start":{"line":52,"column":20},"end":{"line":52,"column":36}},{"start":{"line":52,"column":36},"end":{"line":52,"column":49}}],"line":52}},"s":{"0":1,"1":7,"2":7,"3":7,"4":7,"5":7,"6":7,"7":7,"8":7,"9":7,"10":10,"11":7,"12":1,"13":0,"14":1,"15":7,"16":3,"17":3,"18":3,"19":3,"20":3,"21":3,"22":3,"23":7},"f":{"0":7,"1":10,"2":1,"3":3,"4":3,"5":3},"b":{"0":[7,0],"1":[0,1],"2":[1,1],"3":[7,0],"4":[7,0]},"meta":{"lastBranch":5,"lastFunction":6,"lastStatement":24,"seen":{"s:8:6:62:Infinity":0,"f:8:6:8:20":0,"s:9:16:9:Infinity":1,"s:10:18:10:Infinity":2,"s:11:15:11:Infinity":3,"s:12:21:12:Infinity":4,"s:13:23:13:Infinity":5,"s:14:18:14:Infinity":6,"b:16:2:18:Infinity:undefined:undefined:undefined:undefined":0,"s:16:2:18:Infinity":7,"s:17:4:17:Infinity":8,"s:21:21:24:Infinity":9,"f:22:49:22:Infinity":1,"s:23:14:23:Infinity":10,"s:25:23:25:Infinity":11,"f:27:11:27:22":2,"b:28:4:28:Infinity:undefined:undefined:undefined:undefined":1,"s:28:4:28:Infinity":12,"b:28:8:28:20:28:20:28:39":2,"s:28:39:28:Infinity":13,"s:29:4:29:Infinity":14,"s:32:2:43:Infinity":15,"f:32:2:32:18":3,"s:33:4:33:Infinity":16,"s:34:22:38:Infinity":17,"f:34:22:34:34":4,"s:35:19:35:Infinity":18,"s:36:6:36:Infinity":19,"s:37:6:37:Infinity":20,"s:40:4:42:Infinity":21,"f:40:4:40:21":5,"s:41:6:41:Infinity":22,"s:47:2:60:Infinity":23,"b:51:25:51:41:51:41:51:45":3,"b:52:20:52:36:52:36:52:49":4}}}
,"/Users/macbookpro/work/lendsqrr/src/services/userService.ts": {"path":"/Users/macbookpro/work/lendsqrr/src/services/userService.ts","statementMap":{"0":{"start":{"line":46,"column":26},"end":{"line":82,"column":null}},"1":{"start":{"line":48,"column":22},"end":{"line":48,"column":null}},"2":{"start":{"line":49,"column":2},"end":{"line":51,"column":null}},"3":{"start":{"line":50,"column":4},"end":{"line":50,"column":null}},"4":{"start":{"line":54,"column":2},"end":{"line":81,"column":null}},"5":{"start":{"line":56,"column":4},"end":{"line":56,"column":null}},"6":{"start":{"line":58,"column":21},"end":{"line":58,"column":null}},"7":{"start":{"line":59,"column":4},"end":{"line":61,"column":null}},"8":{"start":{"line":60,"column":6},"end":{"line":60,"column":null}},"9":{"start":{"line":62,"column":26},"end":{"line":62,"column":null}},"10":{"start":{"line":65,"column":4},"end":{"line":74,"column":null}},"11":{"start":{"line":66,"column":23},"end":{"line":66,"column":null}},"12":{"start":{"line":67,"column":12},"end":{"line":67,"column":null}},"13":{"start":{"line":68,"column":23},"end":{"line":68,"column":null}},"14":{"start":{"line":69,"column":25},"end":{"line":69,"column":null}},"15":{"start":{"line":70,"column":29},"end":{"line":70,"column":null}},"16":{"start":{"line":72,"column":6},"end":{"line":72,"column":null}},"17":{"start":{"line":73,"column":6},"end":{"line":73,"column":null}},"18":{"start":{"line":77,"column":4},"end":{"line":77,"column":null}},"19":{"start":{"line":79,"column":4},"end":{"line":79,"column":null}},"20":{"start":{"line":80,"column":4},"end":{"line":80,"column":null}},"21":{"start":{"line":84,"column":29},"end":{"line":103,"column":null}},"22":{"start":{"line":86,"column":25},"end":{"line":86,"column":null}},"23":{"start":{"line":87,"column":2},"end":{"line":90,"column":null}},"24":{"start":{"line":88,"column":19},"end":{"line":88,"column":null}},"25":{"start":{"line":89,"column":4},"end":{"line":89,"column":null}},"26":{"start":{"line":89,"column":26},"end":{"line":89,"column":null}},"27":{"start":{"line":93,"column":18},"end":{"line":93,"column":null}},"28":{"start":{"line":94,"column":15},"end":{"line":94,"column":null}},"29":{"start":{"line":94,"column":31},"end":{"line":94,"column":42}},"30":{"start":{"line":96,"column":2},"end":{"line":99,"column":null}},"31":{"start":{"line":97,"column":4},"end":{"line":97,"column":null}},"32":{"start":{"line":98,"column":4},"end":{"line":98,"column":null}},"33":{"start":{"line":102,"column":2},"end":{"line":102,"column":null}}},"fnMap":{"0":{"name":"(anonymous_0)","decl":{"start":{"line":46,"column":26},"end":{"line":46,"column":33}},"loc":{"start":{"line":46,"column":94},"end":{"line":82,"column":null}},"line":46},"1":{"name":"(anonymous_1)","decl":{"start":{"line":84,"column":29},"end":{"line":84,"column":36}},"loc":{"start":{"line":84,"column":73},"end":{"line":103,"column":null}},"line":84},"2":{"name":"(anonymous_2)","decl":{"start":{"line":94,"column":21},"end":{"line":94,"column":26}},"loc":{"start":{"line":94,"column":31},"end":{"line":94,"column":42}},"line":94}},"branchMap":{"0":{"loc":{"start":{"line":49,"column":2},"end":{"line":51,"column":null}},"type":"if","locations":[{"start":{"line":49,"column":2},"end":{"line":51,"column":null}},{"start":{},"end":{}}],"line":49},"1":{"loc":{"start":{"line":59,"column":4},"end":{"line":61,"column":null}},"type":"if","locations":[{"start":{"line":59,"column":4},"end":{"line":61,"column":null}},{"start":{},"end":{}}],"line":59},"2":{"loc":{"start":{"line":65,"column":4},"end":{"line":74,"column":null}},"type":"if","locations":[{"start":{"line":65,"column":4},"end":{"line":74,"column":null}},{"start":{},"end":{}}],"line":65},"3":{"loc":{"start":{"line":87,"column":2},"end":{"line":90,"column":null}},"type":"if","locations":[{"start":{"line":87,"column":2},"end":{"line":90,"column":null}},{"start":{},"end":{}}],"line":87},"4":{"loc":{"start":{"line":89,"column":4},"end":{"line":89,"column":null}},"type":"if","locations":[{"start":{"line":89,"column":4},"end":{"line":89,"column":null}},{"start":{},"end":{}}],"line":89},"5":{"loc":{"start":{"line":96,"column":2},"end":{"line":99,"column":null}},"type":"if","locations":[{"start":{"line":96,"column":2},"end":{"line":99,"column":null}},{"start":{},"end":{}}],"line":96}},"s":{"0":1,"1":6,"2":6,"3":1,"4":5,"5":5,"6":5,"7":5,"8":1,"9":4,"10":4,"11":1,"12":1,"13":1,"14":1,"15":1,"16":1,"17":1,"18":3,"19":1,"20":1,"21":1,"22":2,"23":2,"24":0,"25":0,"26":0,"27":2,"28":2,"29":3,"30":2,"31":1,"32":1,"33":1},"f":{"0":6,"1":2,"2":3},"b":{"0":[1,5],"1":[1,4],"2":[1,3],"3":[0,2],"4":[0,0],"5":[1,1]},"meta":{"lastBranch":6,"lastFunction":3,"lastStatement":34,"seen":{"s:46:26:82:Infinity":0,"f:46:26:46:33":0,"s:48:22:48:Infinity":1,"b:49:2:51:Infinity:undefined:undefined:undefined:undefined":0,"s:49:2:51:Infinity":2,"s:50:4:50:Infinity":3,"s:54:2:81:Infinity":4,"s:56:4:56:Infinity":5,"s:58:21:58:Infinity":6,"b:59:4:61:Infinity:undefined:undefined:undefined:undefined":1,"s:59:4:61:Infinity":7,"s:60:6:60:Infinity":8,"s:62:26:62:Infinity":9,"b:65:4:74:Infinity:undefined:undefined:undefined:undefined":2,"s:65:4:74:Infinity":10,"s:66:23:66:Infinity":11,"s:67:12:67:Infinity":12,"s:68:23:68:Infinity":13,"s:69:25:69:Infinity":14,"s:70:29:70:Infinity":15,"s:72:6:72:Infinity":16,"s:73:6:73:Infinity":17,"s:77:4:77:Infinity":18,"s:79:4:79:Infinity":19,"s:80:4:80:Infinity":20,"s:84:29:103:Infinity":21,"f:84:29:84:36":1,"s:86:25:86:Infinity":22,"b:87:2:90:Infinity:undefined:undefined:undefined:undefined":3,"s:87:2:90:Infinity":23,"s:88:19:88:Infinity":24,"b:89:4:89:Infinity:undefined:undefined:undefined:undefined":4,"s:89:4:89:Infinity":25,"s:89:26:89:Infinity":26,"s:93:18:93:Infinity":27,"s:94:15:94:Infinity":28,"f:94:21:94:26":2,"s:94:31:94:42":29,"b:96:2:99:Infinity:undefined:undefined:undefined:undefined":5,"s:96:2:99:Infinity":30,"s:97:4:97:Infinity":31,"s:98:4:98:Infinity":32,"s:102:2:102:Infinity":33}}}
,"/Users/macbookpro/work/lendsqrr/src/styles/components/tableActionMenu.scss": {"path":"/Users/macbookpro/work/lendsqrr/src/styles/components/tableActionMenu.scss","statementMap":{},"fnMap":{},"branchMap":{},"s":{},"f":{},"b":{},"meta":{"lastBranch":0,"lastFunction":0,"lastStatement":0,"seen":{}}}
,"/Users/macbookpro/work/lendsqrr/src/styles/components/tableFilter.scss": {"path":"/Users/macbookpro/work/lendsqrr/src/styles/components/tableFilter.scss","statementMap":{},"fnMap":{},"branchMap":{},"s":{},"f":{},"b":{},"meta":{"lastBranch":0,"lastFunction":0,"lastStatement":0,"seen":{}}}
,"/Users/macbookpro/work/lendsqrr/src/styles/pages/login.scss": {"path":"/Users/macbookpro/work/lendsqrr/src/styles/pages/login.scss","statementMap":{},"fnMap":{},"branchMap":{},"s":{},"f":{},"b":{},"meta":{"lastBranch":0,"lastFunction":0,"lastStatement":0,"seen":{}}}
,"/Users/macbookpro/work/lendsqrr/src/styles/pages/user-details.scss": {"path":"/Users/macbookpro/work/lendsqrr/src/styles/pages/user-details.scss","statementMap":{},"fnMap":{},"branchMap":{},"s":{},"f":{},"b":{},"meta":{"lastBranch":0,"lastFunction":0,"lastStatement":0,"seen":{}}}
,"/Users/macbookpro/work/lendsqrr/src/styles/pages/users.scss": {"path":"/Users/macbookpro/work/lendsqrr/src/styles/pages/users.scss","statementMap":{},"fnMap":{},"branchMap":{},"s":{},"f":{},"b":{},"meta":{"lastBranch":0,"lastFunction":0,"lastStatement":0,"seen":{}}}
,"/Users/macbookpro/work/lendsqrr/src/utilities/_cleanDate.ts": {"path":"/Users/macbookpro/work/lendsqrr/src/utilities/_cleanDate.ts","statementMap":{"0":{"start":{"line":2,"column":20},"end":{"line":2,"column":null}},"1":{"start":{"line":3,"column":23},"end":{"line":3,"column":null}},"2":{"start":{"line":4,"column":2},"end":{"line":4,"column":null}}},"fnMap":{"0":{"name":"_cleanDate","decl":{"start":{"line":1,"column":16},"end":{"line":1,"column":27}},"loc":{"start":{"line":1,"column":47},"end":{"line":5,"column":null}},"line":1}},"branchMap":{},"s":{"0":11,"1":11,"2":11},"f":{"0":11},"b":{},"meta":{"lastBranch":0,"lastFunction":1,"lastStatement":3,"seen":{"f:1:16:1:27":0,"s:2:20:2:Infinity":0,"s:3:23:3:Infinity":1,"s:4:2:4:Infinity":2}}}
,"/Users/macbookpro/work/lendsqrr/src/utilities/_currencyFormatter.ts": {"path":"/Users/macbookpro/work/lendsqrr/src/utilities/_currencyFormatter.ts","statementMap":{"0":{"start":{"line":1,"column":13},"end":{"line":6,"column":null}},"1":{"start":{"line":2,"column":2},"end":{"line":5,"column":null}}},"fnMap":{"0":{"name":"(anonymous_0)","decl":{"start":{"line":1,"column":13},"end":{"line":1,"column":35}},"loc":{"start":{"line":1,"column":62},"end":{"line":6,"column":null}},"line":1}},"branchMap":{},"s":{"0":1,"1":16},"f":{"0":16},"b":{},"meta":{"lastBranch":0,"lastFunction":1,"lastStatement":2,"seen":{"s:1:13:6:Infinity":0,"f:1:13:1:35":0,"s:2:2:5:Infinity":1}}}
}
